Array
(
    [0] => Array
        (
            [code] => 53944
            [error] => nope
            [res] => no
        )

    [1] => Array
        (
            [code] => 88621
            [error] => nope
            [res] => no
        )

    [2] => Array
        (
            [code] => 143540
            [error] => nope
            [res] => no
        )

    [3] => Array
        (
            [code] => 29938
            [error] => nope
            [res] => no
        )

    [4] => Array
        (
            [code] => 96059
            [error] => nope
            [res] => no
        )

    [5] => Array
        (
            [code] => 100008
            [error] => nope
            [res] => no
        )

    [6] => Array
        (
            [code] => 95836
            [error] => nope
            [res] => no
        )

    [7] => Array
        (
            [code] => 10743
            [error] => nope
            [res] => no
        )

    [8] => Array
        (
            [code] => 22153
            [error] => nope
            [res] => no
        )

    [9] => Array
        (
            [code] => 88057
            [error] => nope
            [res] => no
        )

    [10] => Array
        (
            [code] => 88247
            [error] => nope
            [res] => no
        )

    [11] => Array
        (
            [code] => 92277
            [error] => nope
            [res] => no
        )

    [12] => Array
        (
            [code] => 95211
            [error] => nope
            [res] => no
        )

    [13] => Array
        (
            [code] => 96207
            [error] => nope
            [res] => no
        )

    [14] => Array
        (
            [code] => 140827
            [error] => nope
            [res] => no
        )

    [15] => Array
        (
            [code] => 140826
            [error] => nope
            [res] => no
        )

    [16] => Array
        (
            [code] => 84719
            [error] => nope
            [res] => no
        )

    [17] => Array
        (
            [code] => 142683
            [error] => nope
            [res] => no
        )

    [18] => Array
        (
            [code] => 97832
            [error] => nope
            [res] => no
        )

    [19] => Array
        (
            [code] => 36987
            [error] => nope
            [res] => no
        )

    [20] => Array
        (
            [code] => 85308
            [error] => nope
            [res] => no
        )

    [21] => Array
        (
            [code] => 96122
            [error] => nope
            [res] => no
        )

    [22] => Array
        (
            [code] => 144559
            [error] => nope
            [res] => no
        )

)
