Array
(
    [0] => Array
        (
            [code] => 65494
            [error] => nope
            [res] => no
        )

    [1] => Array
        (
            [code] => 29794
            [error] => nope
            [res] => no
        )

    [2] => Array
        (
            [code] => 72158
            [error] => nope
            [res] => no
        )

    [3] => Array
        (
            [code] => 72159
            [error] => nope
            [res] => no
        )

    [4] => Array
        (
            [code] => 69507
            [error] => nope
            [res] => no
        )

    [5] => Array
        (
            [code] => 32357
            [error] => nope
            [res] => no
        )

    [6] => Array
        (
            [code] => 32358
            [error] => nope
            [res] => no
        )

    [7] => Array
        (
            [code] => 53944
            [error] => nope
            [res] => no
        )

    [8] => Array
        (
            [code] => 71846
            [error] => nope
            [res] => no
        )

    [9] => Array
        (
            [code] => 65388
            [error] => nope
            [res] => no
        )

    [10] => Array
        (
            [code] => 71605
            [error] => nope
            [res] => no
        )

    [11] => Array
        (
            [code] => 71875
            [error] => nope
            [res] => no
        )

    [12] => Array
        (
            [code] => 55734
            [error] => nope
            [res] => no
        )

    [13] => Array
        (
            [code] => 55738
            [error] => nope
            [res] => no
        )

    [14] => Array
        (
            [code] => 55736
            [error] => nope
            [res] => no
        )

    [15] => Array
        (
            [code] => 55739
            [error] => nope
            [res] => no
        )

    [16] => Array
        (
            [code] => 55737
            [error] => nope
            [res] => no
        )

    [17] => Array
        (
            [code] => 55740
            [error] => nope
            [res] => no
        )

    [18] => Array
        (
            [code] => 55742
            [error] => nope
            [res] => no
        )

    [19] => Array
        (
            [code] => 55745
            [error] => nope
            [res] => no
        )

    [20] => Array
        (
            [code] => 55743
            [error] => nope
            [res] => no
        )

    [21] => Array
        (
            [code] => 55746
            [error] => nope
            [res] => no
        )

    [22] => Array
        (
            [code] => 55744
            [error] => nope
            [res] => no
        )

    [23] => Array
        (
            [code] => 55747
            [error] => nope
            [res] => no
        )

    [24] => Array
        (
            [code] => 55748
            [error] => nope
            [res] => no
        )

    [25] => Array
        (
            [code] => 55749
            [error] => nope
            [res] => no
        )

    [26] => Array
        (
            [code] => 55750
            [error] => nope
            [res] => no
        )

    [27] => Array
        (
            [code] => 55751
            [error] => nope
            [res] => no
        )

    [28] => Array
        (
            [code] => 55752
            [error] => nope
            [res] => no
        )

    [29] => Array
        (
            [code] => 55753
            [error] => nope
            [res] => no
        )

    [30] => Array
        (
            [code] => 64226
            [error] => nope
            [res] => no
        )

    [31] => Array
        (
            [code] => 55904
            [error] => nope
            [res] => no
        )

    [32] => Array
        (
            [code] => 95211
            [error] => nope
            [res] => no
        )

    [33] => Array
        (
            [code] => 60631
            [error] => nope
            [res] => no
        )

    [34] => Array
        (
            [code] => 60596
            [error] => nope
            [res] => no
        )

    [35] => Array
        (
            [code] => 60618
            [error] => nope
            [res] => no
        )

    [36] => Array
        (
            [code] => 60685
            [error] => nope
            [res] => no
        )

    [37] => Array
        (
            [code] => 60683
            [error] => nope
            [res] => no
        )

    [38] => Array
        (
            [code] => 60558
            [error] => nope
            [res] => no
        )

    [39] => Array
        (
            [code] => 60525
            [error] => nope
            [res] => no
        )

    [40] => Array
        (
            [code] => 60539
            [error] => nope
            [res] => no
        )

    [41] => Array
        (
            [code] => 60564
            [error] => nope
            [res] => no
        )

    [42] => Array
        (
            [code] => 60540
            [error] => nope
            [res] => no
        )

    [43] => Array
        (
            [code] => 60530
            [error] => nope
            [res] => no
        )

    [44] => Array
        (
            [code] => 60432
            [error] => nope
            [res] => no
        )

    [45] => Array
        (
            [code] => 60420
            [error] => nope
            [res] => no
        )

    [46] => Array
        (
            [code] => 60422
            [error] => nope
            [res] => no
        )

    [47] => Array
        (
            [code] => 60434
            [error] => nope
            [res] => no
        )

    [48] => Array
        (
            [code] => 60421
            [error] => nope
            [res] => no
        )

    [49] => Array
        (
            [code] => 60625
            [error] => nope
            [res] => no
        )

    [50] => Array
        (
            [code] => 60595
            [error] => nope
            [res] => no
        )

    [51] => Array
        (
            [code] => 60593
            [error] => nope
            [res] => no
        )

    [52] => Array
        (
            [code] => 60628
            [error] => nope
            [res] => no
        )

    [53] => Array
        (
            [code] => 60597
            [error] => nope
            [res] => no
        )

    [54] => Array
        (
            [code] => 60684
            [error] => nope
            [res] => no
        )

    [55] => Array
        (
            [code] => 60682
            [error] => nope
            [res] => no
        )

    [56] => Array
        (
            [code] => 60554
            [error] => nope
            [res] => no
        )

    [57] => Array
        (
            [code] => 60552
            [error] => nope
            [res] => no
        )

    [58] => Array
        (
            [code] => 60402
            [error] => nope
            [res] => no
        )

    [59] => Array
        (
            [code] => 59798
            [error] => nope
            [res] => no
        )

    [60] => Array
        (
            [code] => 60518
            [error] => nope
            [res] => no
        )

    [61] => Array
        (
            [code] => 86135
            [error] => nope
            [res] => no
        )

    [62] => Array
        (
            [code] => 60553
            [error] => nope
            [res] => no
        )

    [63] => Array
        (
            [code] => 86134
            [error] => nope
            [res] => no
        )

    [64] => Array
        (
            [code] => 72244
            [error] => nope
            [res] => no
        )

    [65] => Array
        (
            [code] => 72248
            [error] => nope
            [res] => no
        )

    [66] => Array
        (
            [code] => 72265
            [error] => nope
            [res] => no
        )

    [67] => Array
        (
            [code] => 72275
            [error] => nope
            [res] => no
        )

    [68] => Array
        (
            [code] => 78137
            [error] => nope
            [res] => no
        )

    [69] => Array
        (
            [code] => 55902
            [error] => nope
            [res] => no
        )

    [70] => Array
        (
            [code] => 69032
            [error] => nope
            [res] => no
        )

    [71] => Array
        (
            [code] => 49430
            [error] => nope
            [res] => no
        )

    [72] => Array
        (
            [code] => 49459
            [error] => nope
            [res] => no
        )

    [73] => Array
        (
            [code] => 49463
            [error] => nope
            [res] => no
        )

    [74] => Array
        (
            [code] => 49433
            [error] => nope
            [res] => no
        )

    [75] => Array
        (
            [code] => 49465
            [error] => nope
            [res] => no
        )

    [76] => Array
        (
            [code] => 64605
            [error] => nope
            [res] => no
        )

    [77] => Array
        (
            [code] => 64608
            [error] => nope
            [res] => no
        )

    [78] => Array
        (
            [code] => 64611
            [error] => nope
            [res] => no
        )

    [79] => Array
        (
            [code] => 64609
            [error] => nope
            [res] => no
        )

    [80] => Array
        (
            [code] => 71142
            [error] => nope
            [res] => no
        )

    [81] => Array
        (
            [code] => 69045
            [error] => nope
            [res] => no
        )

    [82] => Array
        (
            [code] => 85321
            [error] => nope
            [res] => no
        )

    [83] => Array
        (
            [code] => 73773
            [error] => nope
            [res] => no
        )

    [84] => Array
        (
            [code] => 73778
            [error] => nope
            [res] => no
        )

    [85] => Array
        (
            [code] => 73782
            [error] => nope
            [res] => no
        )

    [86] => Array
        (
            [code] => 73784
            [error] => nope
            [res] => no
        )

    [87] => Array
        (
            [code] => 73785
            [error] => nope
            [res] => no
        )

    [88] => Array
        (
            [code] => 73759
            [error] => nope
            [res] => no
        )

    [89] => Array
        (
            [code] => 73779
            [error] => nope
            [res] => no
        )

    [90] => Array
        (
            [code] => 73772
            [error] => nope
            [res] => no
        )

    [91] => Array
        (
            [code] => 70499
            [error] => nope
            [res] => no
        )

    [92] => Array
        (
            [code] => 88621
            [error] => nope
            [res] => no
        )

    [93] => Array
        (
            [code] => 55458
            [error] => nope
            [res] => no
        )

    [94] => Array
        (
            [code] => 35297
            [error] => nope
            [res] => no
        )

    [95] => Array
        (
            [code] => 69791
            [error] => nope
            [res] => no
        )

    [96] => Array
        (
            [code] => 69790
            [error] => nope
            [res] => no
        )

    [97] => Array
        (
            [code] => 77332
            [error] => nope
            [res] => no
        )

    [98] => Array
        (
            [code] => 69513
            [error] => nope
            [res] => no
        )

    [99] => Array
        (
            [code] => 64240
            [error] => nope
            [res] => no
        )

    [100] => Array
        (
            [code] => 64249
            [error] => nope
            [res] => no
        )

    [101] => Array
        (
            [code] => 82908
            [error] => nope
            [res] => no
        )

    [102] => Array
        (
            [code] => 82910
            [error] => nope
            [res] => no
        )

    [103] => Array
        (
            [code] => 82912
            [error] => nope
            [res] => no
        )

    [104] => Array
        (
            [code] => 82913
            [error] => nope
            [res] => no
        )

    [105] => Array
        (
            [code] => 78113
            [error] => nope
            [res] => no
        )

    [106] => Array
        (
            [code] => 60555
            [error] => nope
            [res] => no
        )

    [107] => Array
        (
            [code] => 60536
            [error] => nope
            [res] => no
        )

    [108] => Array
        (
            [code] => 60417
            [error] => nope
            [res] => no
        )

    [109] => Array
        (
            [code] => 29549
            [error] => nope
            [res] => no
        )

    [110] => Array
        (
            [code] => 70105
            [error] => nope
            [res] => no
        )

    [111] => Array
        (
            [code] => 29938
            [error] => nope
            [res] => no
        )

    [112] => Array
        (
            [code] => 87385
            [error] => nope
            [res] => no
        )

    [113] => Array
        (
            [code] => 87386
            [error] => nope
            [res] => no
        )

    [114] => Array
        (
            [code] => 87387
            [error] => nope
            [res] => no
        )

    [115] => Array
        (
            [code] => 87379
            [error] => nope
            [res] => no
        )

    [116] => Array
        (
            [code] => 87365
            [error] => nope
            [res] => no
        )

    [117] => Array
        (
            [code] => 87453
            [error] => nope
            [res] => no
        )

    [118] => Array
        (
            [code] => 75049
            [error] => nope
            [res] => no
        )

    [119] => Array
        (
            [code] => 71551
            [error] => nope
            [res] => no
        )

    [120] => Array
        (
            [code] => 64250
            [error] => nope
            [res] => no
        )

    [121] => Array
        (
            [code] => 72059
            [error] => nope
            [res] => no
        )

    [122] => Array
        (
            [code] => 87415
            [error] => nope
            [res] => no
        )

    [123] => Array
        (
            [code] => 142683
            [error] => nope
            [res] => no
        )

    [124] => Array
        (
            [code] => 60562
            [error] => nope
            [res] => no
        )

    [125] => Array
        (
            [code] => 60663
            [error] => nope
            [res] => no
        )

    [126] => Array
        (
            [code] => 60522
            [error] => nope
            [res] => no
        )

    [127] => Array
        (
            [code] => 90324
            [error] => nope
            [res] => no
        )

    [128] => Array
        (
            [code] => 22153
            [error] => nope
            [res] => no
        )

    [129] => Array
        (
            [code] => 65587
            [error] => nope
            [res] => no
        )

    [130] => Array
        (
            [code] => 82727
            [error] => nope
            [res] => no
        )

    [131] => Array
        (
            [code] => 82730
            [error] => nope
            [res] => no
        )

    [132] => Array
        (
            [code] => 82731
            [error] => nope
            [res] => no
        )

    [133] => Array
        (
            [code] => 82760
            [error] => nope
            [res] => no
        )

    [134] => Array
        (
            [code] => 82761
            [error] => nope
            [res] => no
        )

    [135] => Array
        (
            [code] => 82762
            [error] => nope
            [res] => no
        )

    [136] => Array
        (
            [code] => 82792
            [error] => nope
            [res] => no
        )

    [137] => Array
        (
            [code] => 82793
            [error] => nope
            [res] => no
        )

    [138] => Array
        (
            [code] => 82794
            [error] => nope
            [res] => no
        )

    [139] => Array
        (
            [code] => 82797
            [error] => nope
            [res] => no
        )

    [140] => Array
        (
            [code] => 82798
            [error] => nope
            [res] => no
        )

    [141] => Array
        (
            [code] => 82799
            [error] => nope
            [res] => no
        )

    [142] => Array
        (
            [code] => 82795
            [error] => nope
            [res] => no
        )

    [143] => Array
        (
            [code] => 82796
            [error] => nope
            [res] => no
        )

    [144] => Array
        (
            [code] => 82802
            [error] => nope
            [res] => no
        )

    [145] => Array
        (
            [code] => 82803
            [error] => nope
            [res] => no
        )

    [146] => Array
        (
            [code] => 82804
            [error] => nope
            [res] => no
        )

    [147] => Array
        (
            [code] => 82805
            [error] => nope
            [res] => no
        )

    [148] => Array
        (
            [code] => 82774
            [error] => nope
            [res] => no
        )

    [149] => Array
        (
            [code] => 82776
            [error] => nope
            [res] => no
        )

    [150] => Array
        (
            [code] => 82777
            [error] => nope
            [res] => no
        )

    [151] => Array
        (
            [code] => 82780
            [error] => nope
            [res] => no
        )

    [152] => Array
        (
            [code] => 79966
            [error] => nope
            [res] => no
        )

    [153] => Array
        (
            [code] => 67781
            [error] => nope
            [res] => no
        )

    [154] => Array
        (
            [code] => 67784
            [error] => nope
            [res] => no
        )

    [155] => Array
        (
            [code] => 67778
            [error] => nope
            [res] => no
        )

    [156] => Array
        (
            [code] => 67783
            [error] => nope
            [res] => no
        )

    [157] => Array
        (
            [code] => 67786
            [error] => nope
            [res] => no
        )

    [158] => Array
        (
            [code] => 67779
            [error] => nope
            [res] => no
        )

    [159] => Array
        (
            [code] => 84354
            [error] => nope
            [res] => no
        )

    [160] => Array
        (
            [code] => 66492
            [error] => nope
            [res] => no
        )

    [161] => Array
        (
            [code] => 66502
            [error] => nope
            [res] => no
        )

    [162] => Array
        (
            [code] => 66497
            [error] => nope
            [res] => no
        )

    [163] => Array
        (
            [code] => 66494
            [error] => nope
            [res] => no
        )

    [164] => Array
        (
            [code] => 66500
            [error] => nope
            [res] => no
        )

    [165] => Array
        (
            [code] => 66496
            [error] => nope
            [res] => no
        )

    [166] => Array
        (
            [code] => 66493
            [error] => nope
            [res] => no
        )

    [167] => Array
        (
            [code] => 66499
            [error] => nope
            [res] => no
        )

    [168] => Array
        (
            [code] => 66495
            [error] => nope
            [res] => no
        )

    [169] => Array
        (
            [code] => 66673
            [error] => nope
            [res] => no
        )

    [170] => Array
        (
            [code] => 66677
            [error] => nope
            [res] => no
        )

    [171] => Array
        (
            [code] => 66675
            [error] => nope
            [res] => no
        )

    [172] => Array
        (
            [code] => 66674
            [error] => nope
            [res] => no
        )

    [173] => Array
        (
            [code] => 66681
            [error] => nope
            [res] => no
        )

    [174] => Array
        (
            [code] => 66682
            [error] => nope
            [res] => no
        )

    [175] => Array
        (
            [code] => 66684
            [error] => nope
            [res] => no
        )

    [176] => Array
        (
            [code] => 66685
            [error] => nope
            [res] => no
        )

    [177] => Array
        (
            [code] => 66686
            [error] => nope
            [res] => no
        )

    [178] => Array
        (
            [code] => 66687
            [error] => nope
            [res] => no
        )

    [179] => Array
        (
            [code] => 66688
            [error] => nope
            [res] => no
        )

    [180] => Array
        (
            [code] => 66689
            [error] => nope
            [res] => no
        )

    [181] => Array
        (
            [code] => 66690
            [error] => nope
            [res] => no
        )

    [182] => Array
        (
            [code] => 66959
            [error] => nope
            [res] => no
        )

    [183] => Array
        (
            [code] => 66991
            [error] => nope
            [res] => no
        )

    [184] => Array
        (
            [code] => 66992
            [error] => nope
            [res] => no
        )

    [185] => Array
        (
            [code] => 66993
            [error] => nope
            [res] => no
        )

    [186] => Array
        (
            [code] => 66994
            [error] => nope
            [res] => no
        )

    [187] => Array
        (
            [code] => 66995
            [error] => nope
            [res] => no
        )

    [188] => Array
        (
            [code] => 66962
            [error] => nope
            [res] => no
        )

    [189] => Array
        (
            [code] => 66963
            [error] => nope
            [res] => no
        )

    [190] => Array
        (
            [code] => 66964
            [error] => nope
            [res] => no
        )

    [191] => Array
        (
            [code] => 66967
            [error] => nope
            [res] => no
        )

    [192] => Array
        (
            [code] => 66966
            [error] => nope
            [res] => no
        )

    [193] => Array
        (
            [code] => 66965
            [error] => nope
            [res] => no
        )

    [194] => Array
        (
            [code] => 66968
            [error] => nope
            [res] => no
        )

    [195] => Array
        (
            [code] => 66969
            [error] => nope
            [res] => no
        )

    [196] => Array
        (
            [code] => 66970
            [error] => nope
            [res] => no
        )

    [197] => Array
        (
            [code] => 66971
            [error] => nope
            [res] => no
        )

    [198] => Array
        (
            [code] => 77909
            [error] => nope
            [res] => no
        )

    [199] => Array
        (
            [code] => 77912
            [error] => nope
            [res] => no
        )

    [200] => Array
        (
            [code] => 77910
            [error] => nope
            [res] => no
        )

    [201] => Array
        (
            [code] => 77911
            [error] => nope
            [res] => no
        )

    [202] => Array
        (
            [code] => 77913
            [error] => nope
            [res] => no
        )

    [203] => Array
        (
            [code] => 77914
            [error] => nope
            [res] => no
        )

    [204] => Array
        (
            [code] => 77919
            [error] => nope
            [res] => no
        )

    [205] => Array
        (
            [code] => 77918
            [error] => nope
            [res] => no
        )

    [206] => Array
        (
            [code] => 77916
            [error] => nope
            [res] => no
        )

    [207] => Array
        (
            [code] => 77922
            [error] => nope
            [res] => no
        )

    [208] => Array
        (
            [code] => 77926
            [error] => nope
            [res] => no
        )

    [209] => Array
        (
            [code] => 77923
            [error] => nope
            [res] => no
        )

    [210] => Array
        (
            [code] => 77924
            [error] => nope
            [res] => no
        )

    [211] => Array
        (
            [code] => 77928
            [error] => nope
            [res] => no
        )

    [212] => Array
        (
            [code] => 77930
            [error] => nope
            [res] => no
        )

    [213] => Array
        (
            [code] => 77929
            [error] => nope
            [res] => no
        )

    [214] => Array
        (
            [code] => 77932
            [error] => nope
            [res] => no
        )

    [215] => Array
        (
            [code] => 77931
            [error] => nope
            [res] => no
        )

    [216] => Array
        (
            [code] => 77933
            [error] => nope
            [res] => no
        )

    [217] => Array
        (
            [code] => 77935
            [error] => nope
            [res] => no
        )

    [218] => Array
        (
            [code] => 77934
            [error] => nope
            [res] => no
        )

    [219] => Array
        (
            [code] => 77936
            [error] => nope
            [res] => no
        )

    [220] => Array
        (
            [code] => 77938
            [error] => nope
            [res] => no
        )

    [221] => Array
        (
            [code] => 77937
            [error] => nope
            [res] => no
        )

    [222] => Array
        (
            [code] => 77939
            [error] => nope
            [res] => no
        )

    [223] => Array
        (
            [code] => 77940
            [error] => nope
            [res] => no
        )

    [224] => Array
        (
            [code] => 77941
            [error] => nope
            [res] => no
        )

    [225] => Array
        (
            [code] => 77942
            [error] => nope
            [res] => no
        )

    [226] => Array
        (
            [code] => 77946
            [error] => nope
            [res] => no
        )

    [227] => Array
        (
            [code] => 77945
            [error] => nope
            [res] => no
        )

    [228] => Array
        (
            [code] => 77943
            [error] => nope
            [res] => no
        )

    [229] => Array
        (
            [code] => 77944
            [error] => nope
            [res] => no
        )

    [230] => Array
        (
            [code] => 77947
            [error] => nope
            [res] => no
        )

    [231] => Array
        (
            [code] => 77948
            [error] => nope
            [res] => no
        )

    [232] => Array
        (
            [code] => 49457
            [error] => nope
            [res] => no
        )

    [233] => Array
        (
            [code] => 73786
            [error] => nope
            [res] => no
        )

    [234] => Array
        (
            [code] => 53287
            [error] => nope
            [res] => no
        )

    [235] => Array
        (
            [code] => 46738
            [error] => nope
            [res] => no
        )

    [236] => Array
        (
            [code] => 68824
            [error] => nope
            [res] => no
        )

    [237] => Array
        (
            [code] => 68833
            [error] => nope
            [res] => no
        )

    [238] => Array
        (
            [code] => 68838
            [error] => nope
            [res] => no
        )

    [239] => Array
        (
            [code] => 68836
            [error] => nope
            [res] => no
        )

    [240] => Array
        (
            [code] => 68839
            [error] => nope
            [res] => no
        )

    [241] => Array
        (
            [code] => 68837
            [error] => nope
            [res] => no
        )

    [242] => Array
        (
            [code] => 65576
            [error] => nope
            [res] => no
        )

    [243] => Array
        (
            [code] => 97832
            [error] => nope
            [res] => no
        )

    [244] => Array
        (
            [code] => 76054
            [error] => nope
            [res] => no
        )

    [245] => Array
        (
            [code] => 46218
            [error] => nope
            [res] => no
        )

    [246] => Array
        (
            [code] => 60556
            [error] => nope
            [res] => no
        )

    [247] => Array
        (
            [code] => 96059
            [error] => nope
            [res] => no
        )

    [248] => Array
        (
            [code] => 84719
            [error] => nope
            [res] => no
        )

    [249] => Array
        (
            [code] => 64120
            [error] => nope
            [res] => no
        )

    [250] => Array
        (
            [code] => 64121
            [error] => nope
            [res] => no
        )

    [251] => Array
        (
            [code] => 64123
            [error] => nope
            [res] => no
        )

    [252] => Array
        (
            [code] => 85922
            [error] => nope
            [res] => no
        )

    [253] => Array
        (
            [code] => 70797
            [error] => nope
            [res] => no
        )

    [254] => Array
        (
            [code] => 96122
            [error] => nope
            [res] => no
        )

    [255] => Array
        (
            [code] => 47307
            [error] => nope
            [res] => no
        )

    [256] => Array
        (
            [code] => 84497
            [error] => nope
            [res] => no
        )

    [257] => Array
        (
            [code] => 84498
            [error] => nope
            [res] => no
        )

    [258] => Array
        (
            [code] => 84496
            [error] => nope
            [res] => no
        )

    [259] => Array
        (
            [code] => 84500
            [error] => nope
            [res] => no
        )

    [260] => Array
        (
            [code] => 88057
            [error] => nope
            [res] => no
        )

    [261] => Array
        (
            [code] => 88247
            [error] => nope
            [res] => no
        )

    [262] => Array
        (
            [code] => 140827
            [error] => nope
            [res] => no
        )

    [263] => Array
        (
            [code] => 55184
            [error] => nope
            [res] => no
        )

    [264] => Array
        (
            [code] => 58908
            [error] => nope
            [res] => no
        )

    [265] => Array
        (
            [code] => 60545
            [error] => nope
            [res] => no
        )

    [266] => Array
        (
            [code] => 59797
            [error] => nope
            [res] => no
        )

    [267] => Array
        (
            [code] => 91099
            [error] => nope
            [res] => no
        )

    [268] => Array
        (
            [code] => 95836
            [error] => nope
            [res] => no
        )

    [269] => Array
        (
            [code] => 36987
            [error] => nope
            [res] => no
        )

    [270] => Array
        (
            [code] => 70796
            [error] => nope
            [res] => no
        )

    [271] => Array
        (
            [code] => 70798
            [error] => nope
            [res] => no
        )

    [272] => Array
        (
            [code] => 70799
            [error] => nope
            [res] => no
        )

    [273] => Array
        (
            [code] => 60541
            [error] => nope
            [res] => no
        )

    [274] => Array
        (
            [code] => 60542
            [error] => nope
            [res] => no
        )

    [275] => Array
        (
            [code] => 88298
            [error] => nope
            [res] => no
        )

    [276] => Array
        (
            [code] => 37219
            [error] => nope
            [res] => no
        )

    [277] => Array
        (
            [code] => 140826
            [error] => nope
            [res] => no
        )

    [278] => Array
        (
            [code] => 70795
            [error] => nope
            [res] => no
        )

    [279] => Array
        (
            [code] => 100008
            [error] => nope
            [res] => no
        )

)
